  stdafx.cpp
  RedBlackTree.h
  Source.cpp
c:\users\andre\onedrive\documents\visual studio 2017\projects\collectionsimpl(c++)\collectionsimpl(c++)\source.cpp(15): warning C4244: 'argument': conversion from 'time_t' to 'unsigned int', possible loss of data
c:\users\andre\onedrive\documents\visual studio 2017\projects\collectionsimpl(c++)\collectionsimpl(c++)\source.cpp(93): warning C4244: 'argument': conversion from 'time_t' to 'unsigned int', possible loss of data
c:\users\andre\onedrive\documents\visual studio 2017\projects\collectionsimpl(c++)\collectionsimpl(c++)\source.cpp(130): warning C4244: 'argument': conversion from 'time_t' to 'unsigned int', possible loss of data
c:\users\andre\onedrive\documents\visual studio 2017\projects\collectionsimpl(c++)\collectionsimpl(c++)\source.cpp(142): warning C4244: 'argument': conversion from 'time_t' to 'unsigned int', possible loss of data
c:\users\andre\onedrive\documents\visual studio 2017\projects\collectionsimpl(c++)\collectionsimpl(c++)\source.cpp(150): warning C4018: '<': signed/unsigned mismatch
c:\users\andre\onedrive\documents\visual studio 2017\projects\collectionsimpl(c++)\collectionsimpl(c++)\redblacktree.h(685): warning C4554: '^': check operator precedence for possible error; use parentheses to clarify precedence
  c:\users\andre\onedrive\documents\visual studio 2017\projects\collectionsimpl(c++)\collectionsimpl(c++)\redblacktree.h(683): note: while compiling class template member function 'bool RedBlackTree<int,double>::RBIterator::operator ==(const RedBlackTree<int,double>::RBIterator &)'
  c:\users\andre\onedrive\documents\visual studio 2017\projects\collectionsimpl(c++)\collectionsimpl(c++)\redblacktree.h(698): note: see reference to function template instantiation 'bool RedBlackTree<int,double>::RBIterator::operator ==(const RedBlackTree<int,double>::RBIterator &)' being compiled
  c:\users\andre\onedrive\documents\visual studio 2017\projects\collectionsimpl(c++)\collectionsimpl(c++)\source.cpp(100): note: see reference to class template instantiation 'RedBlackTree<int,double>::RBIterator' being compiled
c:\users\andre\onedrive\documents\visual studio 2017\projects\collectionsimpl(c++)\collectionsimpl(c++)\redblacktree.h(559): warning C4018: '<': signed/unsigned mismatch
  c:\users\andre\onedrive\documents\visual studio 2017\projects\collectionsimpl(c++)\collectionsimpl(c++)\redblacktree.h(548): note: while compiling class template member function 'RedBlackTree<int,double>::RBIterator::RBIterator(RedBlackTree<int,double>::Node *,RedBlackTree<int,double> *,int)'
  c:\users\andre\onedrive\documents\visual studio 2017\projects\collectionsimpl(c++)\collectionsimpl(c++)\redblacktree.h(600): note: see reference to function template instantiation 'RedBlackTree<int,double>::RBIterator::RBIterator(RedBlackTree<int,double>::Node *,RedBlackTree<int,double> *,int)' being compiled
c:\users\andre\onedrive\documents\visual studio 2017\projects\collectionsimpl(c++)\collectionsimpl(c++)\redblacktree.h(704): warning C4554: '^': check operator precedence for possible error; use parentheses to clarify precedence
  c:\users\andre\onedrive\documents\visual studio 2017\projects\collectionsimpl(c++)\collectionsimpl(c++)\redblacktree.h(702): note: while compiling class template member function 'bool RedBlackTree<int,double>::RBIterator::operator <(const RedBlackTree<int,double>::RBIterator &)'
  c:\program files (x86)\microsoft visual studio\2017\community\vc\tools\msvc\14.11.25503\include\xutility(974): note: see reference to function template instantiation 'bool RedBlackTree<int,double>::RBIterator::operator <(const RedBlackTree<int,double>::RBIterator &)' being compiled
  Generating Code...
  CollectionsImpl(C++).vcxproj -> C:\Users\andre\OneDrive\Documents\Visual Studio 2017\Projects\CollectionsImpl(C++)\Debug\CollectionsImpl(C++).exe
